<?xml version="1.0" encoding="UTF-8"?>
<!-- Generated by org.testng.reporters.JUnitReportReporter -->
<testsuite hostname="HP" failures="0" tests="1" name="Run" time="116.394" errors="0" timestamp="2022-01-24T16:19:25 GMT" skipped="0">
  <testcase classname="Run" name="runScenario" time="116.394"/>
  <system-out>
    <![CDATA[Selected product is successfully added to Basket
Same sub-total value is present in Basket and Checkout]]>
  </system-out>
</testsuite> <!-- Run -->
