<?xml version="1.0" encoding="UTF-8"?>
<!-- Generated by org.testng.reporters.JUnitReportReporter -->
<testsuite hostname="HP" failures="0" tests="1" name="Run" time="51.511" errors="0" timestamp="2022-01-24T04:04:54 GMT" skipped="0">
  <testcase classname="Run" name="runScenario" time="51.511"/>
  <system-out>
    <![CDATA[Warning: Different product is added in the basket
Same sub-total value is present in Basket and Checkout]]>
  </system-out>
</testsuite> <!-- Run -->
